File written by LVS 3.0/Win 95 as a result of: "ex1.vdb" on Wed Apr 01 11:41:32 1998

Command line:
lvs C:\lvs_product\LVS V3.0 AII\Examples\Ex1_1.spc C:\lvs_product\LVS V3.0 AII\Examples\Ex1_2.spc -o C:\lvs_product\LVS V3.0 AII\Examples\batch.out -c1 -dv5.000 -vfpa 

Exclude Bulk Nodes.........................................................................OFF
Use Non-polarized Resistors.............................................................OFF
Use Non-polarized Capacitors...........................................................OFF
Use Non-polarized Inductors.............................................................OFF
Replace Series MOSFETs................................................................OFF
Optimize shorted & parallel R, C, MOSFETs; series R and C.............OFF
Fast Iteration.....................................................................................OFF
Parsing file C:\lvs_product\LVS V3.0 AII\Examples\Ex1_1.spc...
Including file MODELS.SPC
Flattening network...
Parsing file C:\lvs_product\LVS V3.0 AII\Examples\Ex1_2.spc...
Including file MODELS.SPC
Flattening network...

Device               C:\lvs_product\LVS V3.0 AII\Examples\Ex1_1.spc C:\lvs_product\LVS V3.0
AII\Examples\Ex1_2.spc
--------------       ------------ ------------

C                               4            4
M_NSS                          20           20
M_PSS                          26           24 MISMATCH (2)

Total elements                 50           48 MISMATCH (2)

Total nodes                    20           20

Iterating...
5% done
10% done
15% done
20% done
25% done
30% done
35% done
40% done
45% done
50% done
55% done

************************** REPORTING FRAGMENTATION **************************

Report of elements:
*******************
Fragmented class of elements
C:\lvs_product\LVS V3.0 AII\Examples\Ex1_1.spc: 6 element(s)
C:\lvs_product\LVS V3.0 AII\Examples\Ex1_2.spc: 4 element(s)
C:\lvs_product\LVS V3.0 AII\Examples\Ex1_1.spc M11(XSUBA/X33)_1     fanout: BULK = 43   D/S (  8,   9)   G = 13   
C:\lvs_product\LVS V3.0 AII\Examples\Ex1_1.spc M11(XSUBA/X33)_2     fanout: BULK = 43   D/S (  8,   9)   G = 13   
C:\lvs_product\LVS V3.0 AII\Examples\Ex1_1.spc M10(XSUBA/X34)_1     fanout: BULK = 43   D/S ( 11,  43)   G = 11   
C:\lvs_product\LVS V3.0 AII\Examples\Ex1_1.spc M10(XSUBA/X34)_2     fanout: BULK = 43   D/S ( 11,  43)   G = 11   
C:\lvs_product\LVS V3.0 AII\Examples\Ex1_1.spc M11(XSUBA/X34)_1     fanout: BULK = 43   D/S (  8,  11)   G = 13   
C:\lvs_product\LVS V3.0 AII\Examples\Ex1_1.spc M11(XSUBA/X34)_2     fanout: BULK = 43   D/S (  8,  11)   G = 13   
C:\lvs_product\LVS V3.0 AII\Examples\Ex1_2.spc M11                  fanout: BULK = 41   D/S (  7,   8)   G = 11   
C:\lvs_product\LVS V3.0 AII\Examples\Ex1_2.spc M3410                fanout: BULK = 41   D/S ( 10,  41)   G = 10   
C:\lvs_product\LVS V3.0 AII\Examples\Ex1_2.spc M3411                fanout: BULK = 41   D/S (  7,  10)   G = 11   
C:\lvs_product\LVS V3.0 AII\Examples\Ex1_2.spc M351                 fanout: BULK = 41   D/S ( 10,  41)   G = 10   
---------------------------------------------------

Report of nodes:
****************
Fragmented class of nodes
C:\lvs_product\LVS V3.0 AII\Examples\Ex1_2.spc 16                    connected to     1 M_NSS_D/S       2 M_NSS_G       4 M_PSS_D/S       4 M_PSS_G   
---------------------------------------------------
Fragmented class of nodes
C:\lvs_product\LVS V3.0 AII\Examples\Ex1_2.spc 3                     connected to     3 M_NSS_D/S       1 M_NSS_G       3 M_PSS_D/S       1 M_PSS_G   
C:\lvs_product\LVS V3.0 AII\Examples\Ex1_2.spc 15                    connected to     3 M_NSS_D/S       1 M_NSS_G       3 M_PSS_D/S       1 M_PSS_G   
---------------------------------------------------
Fragmented class of nodes
C:\lvs_product\LVS V3.0 AII\Examples\Ex1_2.spc 7                     connected to     6 M_NSS_G       6 M_PSS_G   
---------------------------------------------------
Fragmented class of nodes
C:\lvs_product\LVS V3.0 AII\Examples\Ex1_2.spc 5                     connected to     1 M_NSS_D/S       2 M_NSS_G       2 M_PSS_D/S       4 M_PSS_G   
---------------------------------------------------
Fragmented class of nodes
C:\lvs_product\LVS V3.0 AII\Examples\Ex1_2.spc 4                     connected to     4 C_NEG      24 M_PSS_BULK      14 M_PSS_D/S   
---------------------------------------------------
Fragmented class of nodes
C:\lvs_product\LVS V3.0 AII\Examples\Ex1_2.spc 0                     connected to     4 C_POS      20 M_NSS_BULK      12 M_NSS_D/S   
---------------------------------------------------
Fragmented class of nodes
C:\lvs_product\LVS V3.0 AII\Examples\Ex1_1.spc 5                     connected to     1 M_NSS_D/S       2 M_NSS_G       5 M_PSS_D/S       4 M_PSS_G   
---------------------------------------------------
Fragmented class of nodes
C:\lvs_product\LVS V3.0 AII\Examples\Ex1_1.spc N25(XSUBA/X33/)       connected to     3 M_NSS_D/S       1 M_NSS_G       4 M_PSS_D/S       1 M_PSS_G   
C:\lvs_product\LVS V3.0 AII\Examples\Ex1_1.spc N25(XSUBA/X34/)       connected to     3 M_NSS_D/S       1 M_NSS_G       4 M_PSS_D/S       1 M_PSS_G   
---------------------------------------------------
Fragmented class of nodes
C:\lvs_product\LVS V3.0 AII\Examples\Ex1_1.spc 1                     connected to     6 M_NSS_G       8 M_PSS_G   
---------------------------------------------------
Fragmented class of nodes
C:\lvs_product\LVS V3.0 AII\Examples\Ex1_1.spc 8                     connected to     1 M_NSS_D/S       2 M_NSS_G       3 M_PSS_D/S       4 M_PSS_G   
---------------------------------------------------
Fragmented class of nodes
C:\lvs_product\LVS V3.0 AII\Examples\Ex1_1.spc GND                   connected to     4 C_NEG      20 M_NSS_BULK      12 M_NSS_D/S   
---------------------------------------------------
Fragmented class of nodes
C:\lvs_product\LVS V3.0 AII\Examples\Ex1_1.spc VDD                   connected to     4 C_POS      26 M_PSS_BULK      14 M_PSS_D/S   
---------------------------------------------------

0 perfectly matched element class(es)
1 fragmented element class(es)
3 perfectly matched node class(es)
12 fragmented node class(es)


